[0.599s] DEBUG:colcon:Command line arguments: ['/usr/bin/colcon', 'list', '-n']
[0.599s] DEBUG:colcon:Parsed command line arguments: Namespace(allow_overriding=[], base_paths=['.'], build_base='build', ignore_user_meta=False, log_base=None, log_level=None, main=<bound method ListVerb.main of <colcon_package_information.verb.list.ListVerb object at 0x7f39123109b0>>, metas=['./colcon.meta'], names_only=True, packages_above=None, packages_above_and_dependencies=None, packages_above_depth=None, packages_end=None, packages_ignore=None, packages_ignore_regex=None, packages_select=None, packages_select_build_failed=False, packages_select_by_dep=None, packages_select_regex=None, packages_select_test_failures=False, packages_skip=None, packages_skip_build_finished=False, packages_skip_by_dep=None, packages_skip_regex=None, packages_skip_test_passed=False, packages_skip_up_to=None, packages_start=None, packages_up_to=None, packages_up_to_regex=None, paths=None, paths_only=False, topological_graph=False, topological_graph_density=False, topological_graph_dot=False, topological_graph_dot_cluster=False, topological_graph_dot_include_skipped=False, topological_graph_legend=False, topological_order=False, verb_extension=<colcon_package_information.verb.list.ListVerb object at 0x7f39123109b0>, verb_name='list', verb_parser=<colcon_defaults.argument_parser.defaults.DefaultArgumentsDecorator object at 0x7f39120d2f98>)
[0.635s] Level 1:colcon.colcon_core.package_discovery:discover_packages(colcon_meta) check parameters
[0.636s] Level 1:colcon.colcon_core.package_discovery:discover_packages(recursive) check parameters
[0.636s] Level 1:colcon.colcon_core.package_discovery:discover_packages(ignore) check parameters
[0.636s] Level 1:colcon.colcon_core.package_discovery:discover_packages(path) check parameters
[0.636s] Level 1:colcon.colcon_core.package_discovery:discover_packages(colcon_meta) discover
[0.636s] Level 1:colcon.colcon_core.package_discovery:discover_packages(recursive) discover
[0.636s] INFO:colcon.colcon_core.package_discovery:Crawling recursively for packages in '/home/zymouse/code/Efficiency_script'
[0.637s] Level 1:colcon.colcon_core.package_identification:_identify(.) by extensions ['ignore', 'ignore_ament_install']
[0.637s] Level 1:colcon.colcon_core.package_identification:_identify(.) by extension 'ignore'
[0.637s] Level 1:colcon.colcon_core.package_identification:_identify(.) by extension 'ignore_ament_install'
[0.637s] Level 1:colcon.colcon_core.package_identification:_identify(.) by extensions ['colcon_pkg']
[0.637s] Level 1:colcon.colcon_core.package_identification:_identify(.) by extension 'colcon_pkg'
[0.637s] Level 1:colcon.colcon_core.package_identification:_identify(.) by extensions ['colcon_meta']
[0.637s] Level 1:colcon.colcon_core.package_identification:_identify(.) by extension 'colcon_meta'
[0.637s] Level 1:colcon.colcon_core.package_identification:_identify(.) by extensions ['ros']
[0.638s] Level 1:colcon.colcon_core.package_identification:_identify(.) by extension 'ros'
[0.658s] Level 1:colcon.colcon_core.package_identification:_identify(.) by extensions ['cmake', 'python']
[0.659s] Level 1:colcon.colcon_core.package_identification:_identify(.) by extension 'cmake'
[0.659s] Level 1:colcon.colcon_core.package_identification:_identify(.) by extension 'python'
[0.659s] Level 1:colcon.colcon_core.package_identification:_identify(.) by extensions ['python_setup_py']
[0.659s] Level 1:colcon.colcon_core.package_identification:_identify(.) by extension 'python_setup_py'
[0.659s] Level 1:colcon.colcon_core.package_identification:_identify(OSMAddWgs84) by extensions ['ignore', 'ignore_ament_install']
[0.659s] Level 1:colcon.colcon_core.package_identification:_identify(OSMAddWgs84) by extension 'ignore'
[0.659s] Level 1:colcon.colcon_core.package_identification:_identify(OSMAddWgs84) by extension 'ignore_ament_install'
[0.660s] Level 1:colcon.colcon_core.package_identification:_identify(OSMAddWgs84) by extensions ['colcon_pkg']
[0.660s] Level 1:colcon.colcon_core.package_identification:_identify(OSMAddWgs84) by extension 'colcon_pkg'
[0.660s] Level 1:colcon.colcon_core.package_identification:_identify(OSMAddWgs84) by extensions ['colcon_meta']
[0.660s] Level 1:colcon.colcon_core.package_identification:_identify(OSMAddWgs84) by extension 'colcon_meta'
[0.660s] Level 1:colcon.colcon_core.package_identification:_identify(OSMAddWgs84) by extensions ['ros']
[0.660s] Level 1:colcon.colcon_core.package_identification:_identify(OSMAddWgs84) by extension 'ros'
[0.660s] Level 1:colcon.colcon_core.package_identification:_identify(OSMAddWgs84) by extensions ['cmake', 'python']
[0.660s] Level 1:colcon.colcon_core.package_identification:_identify(OSMAddWgs84) by extension 'cmake'
[0.661s] Level 1:colcon.colcon_core.package_identification:_identify(OSMAddWgs84) by extension 'python'
[0.661s] Level 1:colcon.colcon_core.package_identification:_identify(OSMAddWgs84) by extensions ['python_setup_py']
[0.661s] Level 1:colcon.colcon_core.package_identification:_identify(OSMAddWgs84) by extension 'python_setup_py'
[0.661s] Level 1:colcon.colcon_core.package_identification:_identify(OSMAddWgs84/input) by extensions ['ignore', 'ignore_ament_install']
[0.661s] Level 1:colcon.colcon_core.package_identification:_identify(OSMAddWgs84/input) by extension 'ignore'
[0.661s] Level 1:colcon.colcon_core.package_identification:_identify(OSMAddWgs84/input) by extension 'ignore_ament_install'
[0.661s] Level 1:colcon.colcon_core.package_identification:_identify(OSMAddWgs84/input) by extensions ['colcon_pkg']
[0.661s] Level 1:colcon.colcon_core.package_identification:_identify(OSMAddWgs84/input) by extension 'colcon_pkg'
[0.662s] Level 1:colcon.colcon_core.package_identification:_identify(OSMAddWgs84/input) by extensions ['colcon_meta']
[0.662s] Level 1:colcon.colcon_core.package_identification:_identify(OSMAddWgs84/input) by extension 'colcon_meta'
[0.662s] Level 1:colcon.colcon_core.package_identification:_identify(OSMAddWgs84/input) by extensions ['ros']
[0.662s] Level 1:colcon.colcon_core.package_identification:_identify(OSMAddWgs84/input) by extension 'ros'
[0.662s] Level 1:colcon.colcon_core.package_identification:_identify(OSMAddWgs84/input) by extensions ['cmake', 'python']
[0.662s] Level 1:colcon.colcon_core.package_identification:_identify(OSMAddWgs84/input) by extension 'cmake'
[0.662s] Level 1:colcon.colcon_core.package_identification:_identify(OSMAddWgs84/input) by extension 'python'
[0.662s] Level 1:colcon.colcon_core.package_identification:_identify(OSMAddWgs84/input) by extensions ['python_setup_py']
[0.662s] Level 1:colcon.colcon_core.package_identification:_identify(OSMAddWgs84/input) by extension 'python_setup_py'
[0.663s] Level 1:colcon.colcon_core.package_identification:_identify(OSMAddWgs84/input/Normalized_operation) by extensions ['ignore', 'ignore_ament_install']
[0.663s] Level 1:colcon.colcon_core.package_identification:_identify(OSMAddWgs84/input/Normalized_operation) by extension 'ignore'
[0.663s] Level 1:colcon.colcon_core.package_identification:_identify(OSMAddWgs84/input/Normalized_operation) by extension 'ignore_ament_install'
[0.663s] Level 1:colcon.colcon_core.package_identification:_identify(OSMAddWgs84/input/Normalized_operation) by extensions ['colcon_pkg']
[0.663s] Level 1:colcon.colcon_core.package_identification:_identify(OSMAddWgs84/input/Normalized_operation) by extension 'colcon_pkg'
[0.663s] Level 1:colcon.colcon_core.package_identification:_identify(OSMAddWgs84/input/Normalized_operation) by extensions ['colcon_meta']
[0.663s] Level 1:colcon.colcon_core.package_identification:_identify(OSMAddWgs84/input/Normalized_operation) by extension 'colcon_meta'
[0.663s] Level 1:colcon.colcon_core.package_identification:_identify(OSMAddWgs84/input/Normalized_operation) by extensions ['ros']
[0.663s] Level 1:colcon.colcon_core.package_identification:_identify(OSMAddWgs84/input/Normalized_operation) by extension 'ros'
[0.663s] Level 1:colcon.colcon_core.package_identification:_identify(OSMAddWgs84/input/Normalized_operation) by extensions ['cmake', 'python']
[0.664s] Level 1:colcon.colcon_core.package_identification:_identify(OSMAddWgs84/input/Normalized_operation) by extension 'cmake'
[0.664s] Level 1:colcon.colcon_core.package_identification:_identify(OSMAddWgs84/input/Normalized_operation) by extension 'python'
[0.664s] Level 1:colcon.colcon_core.package_identification:_identify(OSMAddWgs84/input/Normalized_operation) by extensions ['python_setup_py']
[0.664s] Level 1:colcon.colcon_core.package_identification:_identify(OSMAddWgs84/input/Normalized_operation) by extension 'python_setup_py'
[0.664s] Level 1:colcon.colcon_core.package_identification:_identify(OSMAddWgs84/input/dmeo) by extensions ['ignore', 'ignore_ament_install']
[0.664s] Level 1:colcon.colcon_core.package_identification:_identify(OSMAddWgs84/input/dmeo) by extension 'ignore'
[0.664s] Level 1:colcon.colcon_core.package_identification:_identify(OSMAddWgs84/input/dmeo) by extension 'ignore_ament_install'
[0.664s] Level 1:colcon.colcon_core.package_identification:_identify(OSMAddWgs84/input/dmeo) by extensions ['colcon_pkg']
[0.664s] Level 1:colcon.colcon_core.package_identification:_identify(OSMAddWgs84/input/dmeo) by extension 'colcon_pkg'
[0.664s] Level 1:colcon.colcon_core.package_identification:_identify(OSMAddWgs84/input/dmeo) by extensions ['colcon_meta']
[0.665s] Level 1:colcon.colcon_core.package_identification:_identify(OSMAddWgs84/input/dmeo) by extension 'colcon_meta'
[0.665s] Level 1:colcon.colcon_core.package_identification:_identify(OSMAddWgs84/input/dmeo) by extensions ['ros']
[0.665s] Level 1:colcon.colcon_core.package_identification:_identify(OSMAddWgs84/input/dmeo) by extension 'ros'
[0.665s] Level 1:colcon.colcon_core.package_identification:_identify(OSMAddWgs84/input/dmeo) by extensions ['cmake', 'python']
[0.665s] Level 1:colcon.colcon_core.package_identification:_identify(OSMAddWgs84/input/dmeo) by extension 'cmake'
[0.665s] Level 1:colcon.colcon_core.package_identification:_identify(OSMAddWgs84/input/dmeo) by extension 'python'
[0.665s] Level 1:colcon.colcon_core.package_identification:_identify(OSMAddWgs84/input/dmeo) by extensions ['python_setup_py']
[0.665s] Level 1:colcon.colcon_core.package_identification:_identify(OSMAddWgs84/input/dmeo) by extension 'python_setup_py'
[0.665s] Level 1:colcon.colcon_core.package_identification:_identify(OSMAddWgs84/input/flm_demo) by extensions ['ignore', 'ignore_ament_install']
[0.665s] Level 1:colcon.colcon_core.package_identification:_identify(OSMAddWgs84/input/flm_demo) by extension 'ignore'
[0.665s] Level 1:colcon.colcon_core.package_identification:_identify(OSMAddWgs84/input/flm_demo) by extension 'ignore_ament_install'
[0.666s] Level 1:colcon.colcon_core.package_identification:_identify(OSMAddWgs84/input/flm_demo) by extensions ['colcon_pkg']
[0.666s] Level 1:colcon.colcon_core.package_identification:_identify(OSMAddWgs84/input/flm_demo) by extension 'colcon_pkg'
[0.666s] Level 1:colcon.colcon_core.package_identification:_identify(OSMAddWgs84/input/flm_demo) by extensions ['colcon_meta']
[0.666s] Level 1:colcon.colcon_core.package_identification:_identify(OSMAddWgs84/input/flm_demo) by extension 'colcon_meta'
[0.666s] Level 1:colcon.colcon_core.package_identification:_identify(OSMAddWgs84/input/flm_demo) by extensions ['ros']
[0.666s] Level 1:colcon.colcon_core.package_identification:_identify(OSMAddWgs84/input/flm_demo) by extension 'ros'
[0.666s] Level 1:colcon.colcon_core.package_identification:_identify(OSMAddWgs84/input/flm_demo) by extensions ['cmake', 'python']
[0.666s] Level 1:colcon.colcon_core.package_identification:_identify(OSMAddWgs84/input/flm_demo) by extension 'cmake'
[0.666s] Level 1:colcon.colcon_core.package_identification:_identify(OSMAddWgs84/input/flm_demo) by extension 'python'
[0.666s] Level 1:colcon.colcon_core.package_identification:_identify(OSMAddWgs84/input/flm_demo) by extensions ['python_setup_py']
[0.666s] Level 1:colcon.colcon_core.package_identification:_identify(OSMAddWgs84/input/flm_demo) by extension 'python_setup_py'
[0.666s] Level 1:colcon.colcon_core.package_identification:_identify(OSMAddWgs84/output) by extensions ['ignore', 'ignore_ament_install']
[0.667s] Level 1:colcon.colcon_core.package_identification:_identify(OSMAddWgs84/output) by extension 'ignore'
[0.667s] Level 1:colcon.colcon_core.package_identification:_identify(OSMAddWgs84/output) by extension 'ignore_ament_install'
[0.667s] Level 1:colcon.colcon_core.package_identification:_identify(OSMAddWgs84/output) by extensions ['colcon_pkg']
[0.667s] Level 1:colcon.colcon_core.package_identification:_identify(OSMAddWgs84/output) by extension 'colcon_pkg'
[0.667s] Level 1:colcon.colcon_core.package_identification:_identify(OSMAddWgs84/output) by extensions ['colcon_meta']
[0.667s] Level 1:colcon.colcon_core.package_identification:_identify(OSMAddWgs84/output) by extension 'colcon_meta'
[0.667s] Level 1:colcon.colcon_core.package_identification:_identify(OSMAddWgs84/output) by extensions ['ros']
[0.667s] Level 1:colcon.colcon_core.package_identification:_identify(OSMAddWgs84/output) by extension 'ros'
[0.667s] Level 1:colcon.colcon_core.package_identification:_identify(OSMAddWgs84/output) by extensions ['cmake', 'python']
[0.667s] Level 1:colcon.colcon_core.package_identification:_identify(OSMAddWgs84/output) by extension 'cmake'
[0.667s] Level 1:colcon.colcon_core.package_identification:_identify(OSMAddWgs84/output) by extension 'python'
[0.667s] Level 1:colcon.colcon_core.package_identification:_identify(OSMAddWgs84/output) by extensions ['python_setup_py']
[0.668s] Level 1:colcon.colcon_core.package_identification:_identify(OSMAddWgs84/output) by extension 'python_setup_py'
[0.668s] Level 1:colcon.colcon_core.package_identification:_identify(OSMAddWgs84/output/Normalized_operation) by extensions ['ignore', 'ignore_ament_install']
[0.668s] Level 1:colcon.colcon_core.package_identification:_identify(OSMAddWgs84/output/Normalized_operation) by extension 'ignore'
[0.668s] Level 1:colcon.colcon_core.package_identification:_identify(OSMAddWgs84/output/Normalized_operation) by extension 'ignore_ament_install'
[0.668s] Level 1:colcon.colcon_core.package_identification:_identify(OSMAddWgs84/output/Normalized_operation) by extensions ['colcon_pkg']
[0.668s] Level 1:colcon.colcon_core.package_identification:_identify(OSMAddWgs84/output/Normalized_operation) by extension 'colcon_pkg'
[0.669s] Level 1:colcon.colcon_core.package_identification:_identify(OSMAddWgs84/output/Normalized_operation) by extensions ['colcon_meta']
[0.669s] Level 1:colcon.colcon_core.package_identification:_identify(OSMAddWgs84/output/Normalized_operation) by extension 'colcon_meta'
[0.669s] Level 1:colcon.colcon_core.package_identification:_identify(OSMAddWgs84/output/Normalized_operation) by extensions ['ros']
[0.669s] Level 1:colcon.colcon_core.package_identification:_identify(OSMAddWgs84/output/Normalized_operation) by extension 'ros'
[0.669s] Level 1:colcon.colcon_core.package_identification:_identify(OSMAddWgs84/output/Normalized_operation) by extensions ['cmake', 'python']
[0.670s] Level 1:colcon.colcon_core.package_identification:_identify(OSMAddWgs84/output/Normalized_operation) by extension 'cmake'
[0.670s] Level 1:colcon.colcon_core.package_identification:_identify(OSMAddWgs84/output/Normalized_operation) by extension 'python'
[0.670s] Level 1:colcon.colcon_core.package_identification:_identify(OSMAddWgs84/output/Normalized_operation) by extensions ['python_setup_py']
[0.670s] Level 1:colcon.colcon_core.package_identification:_identify(OSMAddWgs84/output/Normalized_operation) by extension 'python_setup_py'
[0.670s] Level 1:colcon.colcon_core.package_identification:_identify(OSMAddWgs84/output/flm_demo) by extensions ['ignore', 'ignore_ament_install']
[0.670s] Level 1:colcon.colcon_core.package_identification:_identify(OSMAddWgs84/output/flm_demo) by extension 'ignore'
[0.670s] Level 1:colcon.colcon_core.package_identification:_identify(OSMAddWgs84/output/flm_demo) by extension 'ignore_ament_install'
[0.671s] Level 1:colcon.colcon_core.package_identification:_identify(OSMAddWgs84/output/flm_demo) by extensions ['colcon_pkg']
[0.671s] Level 1:colcon.colcon_core.package_identification:_identify(OSMAddWgs84/output/flm_demo) by extension 'colcon_pkg'
[0.671s] Level 1:colcon.colcon_core.package_identification:_identify(OSMAddWgs84/output/flm_demo) by extensions ['colcon_meta']
[0.671s] Level 1:colcon.colcon_core.package_identification:_identify(OSMAddWgs84/output/flm_demo) by extension 'colcon_meta'
[0.671s] Level 1:colcon.colcon_core.package_identification:_identify(OSMAddWgs84/output/flm_demo) by extensions ['ros']
[0.671s] Level 1:colcon.colcon_core.package_identification:_identify(OSMAddWgs84/output/flm_demo) by extension 'ros'
[0.671s] Level 1:colcon.colcon_core.package_identification:_identify(OSMAddWgs84/output/flm_demo) by extensions ['cmake', 'python']
[0.671s] Level 1:colcon.colcon_core.package_identification:_identify(OSMAddWgs84/output/flm_demo) by extension 'cmake'
[0.671s] Level 1:colcon.colcon_core.package_identification:_identify(OSMAddWgs84/output/flm_demo) by extension 'python'
[0.671s] Level 1:colcon.colcon_core.package_identification:_identify(OSMAddWgs84/output/flm_demo) by extensions ['python_setup_py']
[0.672s] Level 1:colcon.colcon_core.package_identification:_identify(OSMAddWgs84/output/flm_demo) by extension 'python_setup_py'
[0.672s] Level 1:colcon.colcon_core.package_identification:_identify(OSMAddWgs84/requirement) by extensions ['ignore', 'ignore_ament_install']
[0.672s] Level 1:colcon.colcon_core.package_identification:_identify(OSMAddWgs84/requirement) by extension 'ignore'
[0.672s] Level 1:colcon.colcon_core.package_identification:_identify(OSMAddWgs84/requirement) by extension 'ignore_ament_install'
[0.672s] Level 1:colcon.colcon_core.package_identification:_identify(OSMAddWgs84/requirement) by extensions ['colcon_pkg']
[0.672s] Level 1:colcon.colcon_core.package_identification:_identify(OSMAddWgs84/requirement) by extension 'colcon_pkg'
[0.672s] Level 1:colcon.colcon_core.package_identification:_identify(OSMAddWgs84/requirement) by extensions ['colcon_meta']
[0.672s] Level 1:colcon.colcon_core.package_identification:_identify(OSMAddWgs84/requirement) by extension 'colcon_meta'
[0.672s] Level 1:colcon.colcon_core.package_identification:_identify(OSMAddWgs84/requirement) by extensions ['ros']
[0.672s] Level 1:colcon.colcon_core.package_identification:_identify(OSMAddWgs84/requirement) by extension 'ros'
[0.672s] Level 1:colcon.colcon_core.package_identification:_identify(OSMAddWgs84/requirement) by extensions ['cmake', 'python']
[0.673s] Level 1:colcon.colcon_core.package_identification:_identify(OSMAddWgs84/requirement) by extension 'cmake'
[0.673s] Level 1:colcon.colcon_core.package_identification:_identify(OSMAddWgs84/requirement) by extension 'python'
[0.673s] Level 1:colcon.colcon_core.package_identification:_identify(OSMAddWgs84/requirement) by extensions ['python_setup_py']
[0.673s] Level 1:colcon.colcon_core.package_identification:_identify(OSMAddWgs84/requirement) by extension 'python_setup_py'
[0.673s] Level 1:colcon.colcon_core.package_identification:_identify(genTFStatic) by extensions ['ignore', 'ignore_ament_install']
[0.673s] Level 1:colcon.colcon_core.package_identification:_identify(genTFStatic) by extension 'ignore'
[0.673s] Level 1:colcon.colcon_core.package_identification:_identify(genTFStatic) by extension 'ignore_ament_install'
[0.673s] Level 1:colcon.colcon_core.package_identification:_identify(genTFStatic) by extensions ['colcon_pkg']
[0.673s] Level 1:colcon.colcon_core.package_identification:_identify(genTFStatic) by extension 'colcon_pkg'
[0.673s] Level 1:colcon.colcon_core.package_identification:_identify(genTFStatic) by extensions ['colcon_meta']
[0.673s] Level 1:colcon.colcon_core.package_identification:_identify(genTFStatic) by extension 'colcon_meta'
[0.674s] Level 1:colcon.colcon_core.package_identification:_identify(genTFStatic) by extensions ['ros']
[0.674s] Level 1:colcon.colcon_core.package_identification:_identify(genTFStatic) by extension 'ros'
[0.674s] Level 1:colcon.colcon_core.package_identification:_identify(genTFStatic) by extensions ['cmake', 'python']
[0.674s] Level 1:colcon.colcon_core.package_identification:_identify(genTFStatic) by extension 'cmake'
[0.674s] Level 1:colcon.colcon_core.package_identification:_identify(genTFStatic) by extension 'python'
[0.674s] Level 1:colcon.colcon_core.package_identification:_identify(genTFStatic) by extensions ['python_setup_py']
[0.674s] Level 1:colcon.colcon_core.package_identification:_identify(genTFStatic) by extension 'python_setup_py'
[0.674s] Level 1:colcon.colcon_core.package_identification:_identify(genTFStatic/input) by extensions ['ignore', 'ignore_ament_install']
[0.674s] Level 1:colcon.colcon_core.package_identification:_identify(genTFStatic/input) by extension 'ignore'
[0.674s] Level 1:colcon.colcon_core.package_identification:_identify(genTFStatic/input) by extension 'ignore_ament_install'
[0.674s] Level 1:colcon.colcon_core.package_identification:_identify(genTFStatic/input) by extensions ['colcon_pkg']
[0.674s] Level 1:colcon.colcon_core.package_identification:_identify(genTFStatic/input) by extension 'colcon_pkg'
[0.675s] Level 1:colcon.colcon_core.package_identification:_identify(genTFStatic/input) by extensions ['colcon_meta']
[0.675s] Level 1:colcon.colcon_core.package_identification:_identify(genTFStatic/input) by extension 'colcon_meta'
[0.675s] Level 1:colcon.colcon_core.package_identification:_identify(genTFStatic/input) by extensions ['ros']
[0.675s] Level 1:colcon.colcon_core.package_identification:_identify(genTFStatic/input) by extension 'ros'
[0.675s] Level 1:colcon.colcon_core.package_identification:_identify(genTFStatic/input) by extensions ['cmake', 'python']
[0.675s] Level 1:colcon.colcon_core.package_identification:_identify(genTFStatic/input) by extension 'cmake'
[0.675s] Level 1:colcon.colcon_core.package_identification:_identify(genTFStatic/input) by extension 'python'
[0.675s] Level 1:colcon.colcon_core.package_identification:_identify(genTFStatic/input) by extensions ['python_setup_py']
[0.675s] Level 1:colcon.colcon_core.package_identification:_identify(genTFStatic/input) by extension 'python_setup_py'
[0.675s] Level 1:colcon.colcon_core.package_identification:_identify(genTFStatic/output) by extensions ['ignore', 'ignore_ament_install']
[0.675s] Level 1:colcon.colcon_core.package_identification:_identify(genTFStatic/output) by extension 'ignore'
[0.676s] Level 1:colcon.colcon_core.package_identification:_identify(genTFStatic/output) by extension 'ignore_ament_install'
[0.676s] Level 1:colcon.colcon_core.package_identification:_identify(genTFStatic/output) by extensions ['colcon_pkg']
[0.676s] Level 1:colcon.colcon_core.package_identification:_identify(genTFStatic/output) by extension 'colcon_pkg'
[0.676s] Level 1:colcon.colcon_core.package_identification:_identify(genTFStatic/output) by extensions ['colcon_meta']
[0.676s] Level 1:colcon.colcon_core.package_identification:_identify(genTFStatic/output) by extension 'colcon_meta'
[0.676s] Level 1:colcon.colcon_core.package_identification:_identify(genTFStatic/output) by extensions ['ros']
[0.676s] Level 1:colcon.colcon_core.package_identification:_identify(genTFStatic/output) by extension 'ros'
[0.676s] Level 1:colcon.colcon_core.package_identification:_identify(genTFStatic/output) by extensions ['cmake', 'python']
[0.676s] Level 1:colcon.colcon_core.package_identification:_identify(genTFStatic/output) by extension 'cmake'
[0.677s] Level 1:colcon.colcon_core.package_identification:_identify(genTFStatic/output) by extension 'python'
[0.677s] Level 1:colcon.colcon_core.package_identification:_identify(genTFStatic/output) by extensions ['python_setup_py']
[0.677s] Level 1:colcon.colcon_core.package_identification:_identify(genTFStatic/output) by extension 'python_setup_py'
[0.677s] Level 1:colcon.colcon_core.package_identification:_identify(gen_PathPoints_jsonFile) by extensions ['ignore', 'ignore_ament_install']
[0.677s] Level 1:colcon.colcon_core.package_identification:_identify(gen_PathPoints_jsonFile) by extension 'ignore'
[0.677s] Level 1:colcon.colcon_core.package_identification:_identify(gen_PathPoints_jsonFile) by extension 'ignore_ament_install'
[0.678s] Level 1:colcon.colcon_core.package_identification:_identify(gen_PathPoints_jsonFile) by extensions ['colcon_pkg']
[0.678s] Level 1:colcon.colcon_core.package_identification:_identify(gen_PathPoints_jsonFile) by extension 'colcon_pkg'
[0.678s] Level 1:colcon.colcon_core.package_identification:_identify(gen_PathPoints_jsonFile) by extensions ['colcon_meta']
[0.678s] Level 1:colcon.colcon_core.package_identification:_identify(gen_PathPoints_jsonFile) by extension 'colcon_meta'
[0.678s] Level 1:colcon.colcon_core.package_identification:_identify(gen_PathPoints_jsonFile) by extensions ['ros']
[0.678s] Level 1:colcon.colcon_core.package_identification:_identify(gen_PathPoints_jsonFile) by extension 'ros'
[0.678s] Level 1:colcon.colcon_core.package_identification:_identify(gen_PathPoints_jsonFile) by extensions ['cmake', 'python']
[0.678s] Level 1:colcon.colcon_core.package_identification:_identify(gen_PathPoints_jsonFile) by extension 'cmake'
[0.678s] Level 1:colcon.colcon_core.package_identification:_identify(gen_PathPoints_jsonFile) by extension 'python'
[0.679s] Level 1:colcon.colcon_core.package_identification:_identify(gen_PathPoints_jsonFile) by extensions ['python_setup_py']
[0.679s] Level 1:colcon.colcon_core.package_identification:_identify(gen_PathPoints_jsonFile) by extension 'python_setup_py'
[0.679s] Level 1:colcon.colcon_core.package_identification:_identify(gen_PathPoints_jsonFile/input) by extensions ['ignore', 'ignore_ament_install']
[0.679s] Level 1:colcon.colcon_core.package_identification:_identify(gen_PathPoints_jsonFile/input) by extension 'ignore'
[0.679s] Level 1:colcon.colcon_core.package_identification:_identify(gen_PathPoints_jsonFile/input) by extension 'ignore_ament_install'
[0.679s] Level 1:colcon.colcon_core.package_identification:_identify(gen_PathPoints_jsonFile/input) by extensions ['colcon_pkg']
[0.679s] Level 1:colcon.colcon_core.package_identification:_identify(gen_PathPoints_jsonFile/input) by extension 'colcon_pkg'
[0.679s] Level 1:colcon.colcon_core.package_identification:_identify(gen_PathPoints_jsonFile/input) by extensions ['colcon_meta']
[0.679s] Level 1:colcon.colcon_core.package_identification:_identify(gen_PathPoints_jsonFile/input) by extension 'colcon_meta'
[0.680s] Level 1:colcon.colcon_core.package_identification:_identify(gen_PathPoints_jsonFile/input) by extensions ['ros']
[0.680s] Level 1:colcon.colcon_core.package_identification:_identify(gen_PathPoints_jsonFile/input) by extension 'ros'
[0.680s] Level 1:colcon.colcon_core.package_identification:_identify(gen_PathPoints_jsonFile/input) by extensions ['cmake', 'python']
[0.680s] Level 1:colcon.colcon_core.package_identification:_identify(gen_PathPoints_jsonFile/input) by extension 'cmake'
[0.680s] Level 1:colcon.colcon_core.package_identification:_identify(gen_PathPoints_jsonFile/input) by extension 'python'
[0.680s] Level 1:colcon.colcon_core.package_identification:_identify(gen_PathPoints_jsonFile/input) by extensions ['python_setup_py']
[0.680s] Level 1:colcon.colcon_core.package_identification:_identify(gen_PathPoints_jsonFile/input) by extension 'python_setup_py'
[0.680s] Level 1:colcon.colcon_core.package_identification:_identify(gen_PathPoints_jsonFile/input/flm_sweeping_scripts-master) by extensions ['ignore', 'ignore_ament_install']
[0.680s] Level 1:colcon.colcon_core.package_identification:_identify(gen_PathPoints_jsonFile/input/flm_sweeping_scripts-master) by extension 'ignore'
[0.680s] Level 1:colcon.colcon_core.package_identification:_identify(gen_PathPoints_jsonFile/input/flm_sweeping_scripts-master) by extension 'ignore_ament_install'
[0.680s] Level 1:colcon.colcon_core.package_identification:_identify(gen_PathPoints_jsonFile/input/flm_sweeping_scripts-master) by extensions ['colcon_pkg']
[0.681s] Level 1:colcon.colcon_core.package_identification:_identify(gen_PathPoints_jsonFile/input/flm_sweeping_scripts-master) by extension 'colcon_pkg'
[0.681s] Level 1:colcon.colcon_core.package_identification:_identify(gen_PathPoints_jsonFile/input/flm_sweeping_scripts-master) by extensions ['colcon_meta']
[0.681s] Level 1:colcon.colcon_core.package_identification:_identify(gen_PathPoints_jsonFile/input/flm_sweeping_scripts-master) by extension 'colcon_meta'
[0.681s] Level 1:colcon.colcon_core.package_identification:_identify(gen_PathPoints_jsonFile/input/flm_sweeping_scripts-master) by extensions ['ros']
[0.681s] Level 1:colcon.colcon_core.package_identification:_identify(gen_PathPoints_jsonFile/input/flm_sweeping_scripts-master) by extension 'ros'
[0.681s] Level 1:colcon.colcon_core.package_identification:_identify(gen_PathPoints_jsonFile/input/flm_sweeping_scripts-master) by extensions ['cmake', 'python']
[0.681s] Level 1:colcon.colcon_core.package_identification:_identify(gen_PathPoints_jsonFile/input/flm_sweeping_scripts-master) by extension 'cmake'
[0.681s] Level 1:colcon.colcon_core.package_identification:_identify(gen_PathPoints_jsonFile/input/flm_sweeping_scripts-master) by extension 'python'
[0.681s] Level 1:colcon.colcon_core.package_identification:_identify(gen_PathPoints_jsonFile/input/flm_sweeping_scripts-master) by extensions ['python_setup_py']
[0.681s] Level 1:colcon.colcon_core.package_identification:_identify(gen_PathPoints_jsonFile/input/flm_sweeping_scripts-master) by extension 'python_setup_py'
[0.681s] Level 1:colcon.colcon_core.package_identification:_identify(gen_PathPoints_jsonFile/input/flm_sweeping_scripts-master/left_boundary_cleaning_new) by extensions ['ignore', 'ignore_ament_install']
[0.681s] Level 1:colcon.colcon_core.package_identification:_identify(gen_PathPoints_jsonFile/input/flm_sweeping_scripts-master/left_boundary_cleaning_new) by extension 'ignore'
[0.682s] Level 1:colcon.colcon_core.package_identification:_identify(gen_PathPoints_jsonFile/input/flm_sweeping_scripts-master/left_boundary_cleaning_new) by extension 'ignore_ament_install'
[0.682s] Level 1:colcon.colcon_core.package_identification:_identify(gen_PathPoints_jsonFile/input/flm_sweeping_scripts-master/left_boundary_cleaning_new) by extensions ['colcon_pkg']
[0.682s] Level 1:colcon.colcon_core.package_identification:_identify(gen_PathPoints_jsonFile/input/flm_sweeping_scripts-master/left_boundary_cleaning_new) by extension 'colcon_pkg'
[0.682s] Level 1:colcon.colcon_core.package_identification:_identify(gen_PathPoints_jsonFile/input/flm_sweeping_scripts-master/left_boundary_cleaning_new) by extensions ['colcon_meta']
[0.682s] Level 1:colcon.colcon_core.package_identification:_identify(gen_PathPoints_jsonFile/input/flm_sweeping_scripts-master/left_boundary_cleaning_new) by extension 'colcon_meta'
[0.682s] Level 1:colcon.colcon_core.package_identification:_identify(gen_PathPoints_jsonFile/input/flm_sweeping_scripts-master/left_boundary_cleaning_new) by extensions ['ros']
[0.682s] Level 1:colcon.colcon_core.package_identification:_identify(gen_PathPoints_jsonFile/input/flm_sweeping_scripts-master/left_boundary_cleaning_new) by extension 'ros'
[0.682s] Level 1:colcon.colcon_core.package_identification:_identify(gen_PathPoints_jsonFile/input/flm_sweeping_scripts-master/left_boundary_cleaning_new) by extensions ['cmake', 'python']
[0.682s] Level 1:colcon.colcon_core.package_identification:_identify(gen_PathPoints_jsonFile/input/flm_sweeping_scripts-master/left_boundary_cleaning_new) by extension 'cmake'
[0.682s] Level 1:colcon.colcon_core.package_identification:_identify(gen_PathPoints_jsonFile/input/flm_sweeping_scripts-master/left_boundary_cleaning_new) by extension 'python'
[0.682s] Level 1:colcon.colcon_core.package_identification:_identify(gen_PathPoints_jsonFile/input/flm_sweeping_scripts-master/left_boundary_cleaning_new) by extensions ['python_setup_py']
[0.683s] Level 1:colcon.colcon_core.package_identification:_identify(gen_PathPoints_jsonFile/input/flm_sweeping_scripts-master/left_boundary_cleaning_new) by extension 'python_setup_py'
[0.683s] Level 1:colcon.colcon_core.package_identification:_identify(gen_PathPoints_jsonFile/input/flm_sweeping_scripts-master/right_boundary_cleaning_new) by extensions ['ignore', 'ignore_ament_install']
[0.683s] Level 1:colcon.colcon_core.package_identification:_identify(gen_PathPoints_jsonFile/input/flm_sweeping_scripts-master/right_boundary_cleaning_new) by extension 'ignore'
[0.683s] Level 1:colcon.colcon_core.package_identification:_identify(gen_PathPoints_jsonFile/input/flm_sweeping_scripts-master/right_boundary_cleaning_new) by extension 'ignore_ament_install'
[0.683s] Level 1:colcon.colcon_core.package_identification:_identify(gen_PathPoints_jsonFile/input/flm_sweeping_scripts-master/right_boundary_cleaning_new) by extensions ['colcon_pkg']
[0.683s] Level 1:colcon.colcon_core.package_identification:_identify(gen_PathPoints_jsonFile/input/flm_sweeping_scripts-master/right_boundary_cleaning_new) by extension 'colcon_pkg'
[0.683s] Level 1:colcon.colcon_core.package_identification:_identify(gen_PathPoints_jsonFile/input/flm_sweeping_scripts-master/right_boundary_cleaning_new) by extensions ['colcon_meta']
[0.683s] Level 1:colcon.colcon_core.package_identification:_identify(gen_PathPoints_jsonFile/input/flm_sweeping_scripts-master/right_boundary_cleaning_new) by extension 'colcon_meta'
[0.683s] Level 1:colcon.colcon_core.package_identification:_identify(gen_PathPoints_jsonFile/input/flm_sweeping_scripts-master/right_boundary_cleaning_new) by extensions ['ros']
[0.683s] Level 1:colcon.colcon_core.package_identification:_identify(gen_PathPoints_jsonFile/input/flm_sweeping_scripts-master/right_boundary_cleaning_new) by extension 'ros'
[0.684s] Level 1:colcon.colcon_core.package_identification:_identify(gen_PathPoints_jsonFile/input/flm_sweeping_scripts-master/right_boundary_cleaning_new) by extensions ['cmake', 'python']
[0.684s] Level 1:colcon.colcon_core.package_identification:_identify(gen_PathPoints_jsonFile/input/flm_sweeping_scripts-master/right_boundary_cleaning_new) by extension 'cmake'
[0.684s] Level 1:colcon.colcon_core.package_identification:_identify(gen_PathPoints_jsonFile/input/flm_sweeping_scripts-master/right_boundary_cleaning_new) by extension 'python'
[0.684s] Level 1:colcon.colcon_core.package_identification:_identify(gen_PathPoints_jsonFile/input/flm_sweeping_scripts-master/right_boundary_cleaning_new) by extensions ['python_setup_py']
[0.684s] Level 1:colcon.colcon_core.package_identification:_identify(gen_PathPoints_jsonFile/input/flm_sweeping_scripts-master/right_boundary_cleaning_new) by extension 'python_setup_py'
[0.684s] Level 1:colcon.colcon_core.package_identification:_identify(log) by extensions ['ignore', 'ignore_ament_install']
[0.684s] Level 1:colcon.colcon_core.package_identification:_identify(log) by extension 'ignore'
[0.684s] Level 1:colcon.colcon_core.package_identification:_identify(log) ignored
[0.685s] Level 1:colcon.colcon_core.package_identification:_identify(tools) by extensions ['ignore', 'ignore_ament_install']
[0.685s] Level 1:colcon.colcon_core.package_identification:_identify(tools) by extension 'ignore'
[0.685s] Level 1:colcon.colcon_core.package_identification:_identify(tools) by extension 'ignore_ament_install'
[0.685s] Level 1:colcon.colcon_core.package_identification:_identify(tools) by extensions ['colcon_pkg']
[0.685s] Level 1:colcon.colcon_core.package_identification:_identify(tools) by extension 'colcon_pkg'
[0.685s] Level 1:colcon.colcon_core.package_identification:_identify(tools) by extensions ['colcon_meta']
[0.685s] Level 1:colcon.colcon_core.package_identification:_identify(tools) by extension 'colcon_meta'
[0.685s] Level 1:colcon.colcon_core.package_identification:_identify(tools) by extensions ['ros']
[0.685s] Level 1:colcon.colcon_core.package_identification:_identify(tools) by extension 'ros'
[0.686s] Level 1:colcon.colcon_core.package_identification:_identify(tools) by extensions ['cmake', 'python']
[0.686s] Level 1:colcon.colcon_core.package_identification:_identify(tools) by extension 'cmake'
[0.686s] Level 1:colcon.colcon_core.package_identification:_identify(tools) by extension 'python'
[0.686s] Level 1:colcon.colcon_core.package_identification:_identify(tools) by extensions ['python_setup_py']
[0.686s] Level 1:colcon.colcon_core.package_identification:_identify(tools) by extension 'python_setup_py'
[0.686s] Level 1:colcon.colcon_core.package_identification:_identify(tools/bag_record_tools) by extensions ['ignore', 'ignore_ament_install']
[0.686s] Level 1:colcon.colcon_core.package_identification:_identify(tools/bag_record_tools) by extension 'ignore'
[0.686s] Level 1:colcon.colcon_core.package_identification:_identify(tools/bag_record_tools) by extension 'ignore_ament_install'
[0.687s] Level 1:colcon.colcon_core.package_identification:_identify(tools/bag_record_tools) by extensions ['colcon_pkg']
[0.687s] Level 1:colcon.colcon_core.package_identification:_identify(tools/bag_record_tools) by extension 'colcon_pkg'
[0.687s] Level 1:colcon.colcon_core.package_identification:_identify(tools/bag_record_tools) by extensions ['colcon_meta']
[0.687s] Level 1:colcon.colcon_core.package_identification:_identify(tools/bag_record_tools) by extension 'colcon_meta'
[0.687s] Level 1:colcon.colcon_core.package_identification:_identify(tools/bag_record_tools) by extensions ['ros']
[0.687s] Level 1:colcon.colcon_core.package_identification:_identify(tools/bag_record_tools) by extension 'ros'
[0.687s] Level 1:colcon.colcon_core.package_identification:_identify(tools/bag_record_tools) by extensions ['cmake', 'python']
[0.687s] Level 1:colcon.colcon_core.package_identification:_identify(tools/bag_record_tools) by extension 'cmake'
[0.687s] Level 1:colcon.colcon_core.package_identification:_identify(tools/bag_record_tools) by extension 'python'
[0.687s] Level 1:colcon.colcon_core.package_identification:_identify(tools/bag_record_tools) by extensions ['python_setup_py']
[0.687s] Level 1:colcon.colcon_core.package_identification:_identify(tools/bag_record_tools) by extension 'python_setup_py'
[0.688s] Level 1:colcon.colcon_core.package_identification:_identify(tools/bag_record_tools/buildingMapRecord) by extensions ['ignore', 'ignore_ament_install']
[0.688s] Level 1:colcon.colcon_core.package_identification:_identify(tools/bag_record_tools/buildingMapRecord) by extension 'ignore'
[0.688s] Level 1:colcon.colcon_core.package_identification:_identify(tools/bag_record_tools/buildingMapRecord) by extension 'ignore_ament_install'
[0.688s] Level 1:colcon.colcon_core.package_identification:_identify(tools/bag_record_tools/buildingMapRecord) by extensions ['colcon_pkg']
[0.688s] Level 1:colcon.colcon_core.package_identification:_identify(tools/bag_record_tools/buildingMapRecord) by extension 'colcon_pkg'
[0.688s] Level 1:colcon.colcon_core.package_identification:_identify(tools/bag_record_tools/buildingMapRecord) by extensions ['colcon_meta']
[0.688s] Level 1:colcon.colcon_core.package_identification:_identify(tools/bag_record_tools/buildingMapRecord) by extension 'colcon_meta'
[0.688s] Level 1:colcon.colcon_core.package_identification:_identify(tools/bag_record_tools/buildingMapRecord) by extensions ['ros']
[0.688s] Level 1:colcon.colcon_core.package_identification:_identify(tools/bag_record_tools/buildingMapRecord) by extension 'ros'
[0.688s] Level 1:colcon.colcon_core.package_identification:_identify(tools/bag_record_tools/buildingMapRecord) by extensions ['cmake', 'python']
[0.688s] Level 1:colcon.colcon_core.package_identification:_identify(tools/bag_record_tools/buildingMapRecord) by extension 'cmake'
[0.689s] Level 1:colcon.colcon_core.package_identification:_identify(tools/bag_record_tools/buildingMapRecord) by extension 'python'
[0.689s] Level 1:colcon.colcon_core.package_identification:_identify(tools/bag_record_tools/buildingMapRecord) by extensions ['python_setup_py']
[0.689s] Level 1:colcon.colcon_core.package_identification:_identify(tools/bag_record_tools/buildingMapRecord) by extension 'python_setup_py'
[0.689s] Level 1:colcon.colcon_core.package_identification:_identify(tools/bag_record_tools/buildingMapRecord/doc) by extensions ['ignore', 'ignore_ament_install']
[0.689s] Level 1:colcon.colcon_core.package_identification:_identify(tools/bag_record_tools/buildingMapRecord/doc) by extension 'ignore'
[0.689s] Level 1:colcon.colcon_core.package_identification:_identify(tools/bag_record_tools/buildingMapRecord/doc) by extension 'ignore_ament_install'
[0.689s] Level 1:colcon.colcon_core.package_identification:_identify(tools/bag_record_tools/buildingMapRecord/doc) by extensions ['colcon_pkg']
[0.689s] Level 1:colcon.colcon_core.package_identification:_identify(tools/bag_record_tools/buildingMapRecord/doc) by extension 'colcon_pkg'
[0.689s] Level 1:colcon.colcon_core.package_identification:_identify(tools/bag_record_tools/buildingMapRecord/doc) by extensions ['colcon_meta']
[0.690s] Level 1:colcon.colcon_core.package_identification:_identify(tools/bag_record_tools/buildingMapRecord/doc) by extension 'colcon_meta'
[0.690s] Level 1:colcon.colcon_core.package_identification:_identify(tools/bag_record_tools/buildingMapRecord/doc) by extensions ['ros']
[0.690s] Level 1:colcon.colcon_core.package_identification:_identify(tools/bag_record_tools/buildingMapRecord/doc) by extension 'ros'
[0.690s] Level 1:colcon.colcon_core.package_identification:_identify(tools/bag_record_tools/buildingMapRecord/doc) by extensions ['cmake', 'python']
[0.690s] Level 1:colcon.colcon_core.package_identification:_identify(tools/bag_record_tools/buildingMapRecord/doc) by extension 'cmake'
[0.690s] Level 1:colcon.colcon_core.package_identification:_identify(tools/bag_record_tools/buildingMapRecord/doc) by extension 'python'
[0.690s] Level 1:colcon.colcon_core.package_identification:_identify(tools/bag_record_tools/buildingMapRecord/doc) by extensions ['python_setup_py']
[0.690s] Level 1:colcon.colcon_core.package_identification:_identify(tools/bag_record_tools/buildingMapRecord/doc) by extension 'python_setup_py'
[0.690s] Level 1:colcon.colcon_core.package_identification:_identify(tools/calibration_tool) by extensions ['ignore', 'ignore_ament_install']
[0.690s] Level 1:colcon.colcon_core.package_identification:_identify(tools/calibration_tool) by extension 'ignore'
[0.690s] Level 1:colcon.colcon_core.package_identification:_identify(tools/calibration_tool) by extension 'ignore_ament_install'
[0.691s] Level 1:colcon.colcon_core.package_identification:_identify(tools/calibration_tool) by extensions ['colcon_pkg']
[0.691s] Level 1:colcon.colcon_core.package_identification:_identify(tools/calibration_tool) by extension 'colcon_pkg'
[0.691s] Level 1:colcon.colcon_core.package_identification:_identify(tools/calibration_tool) by extensions ['colcon_meta']
[0.691s] Level 1:colcon.colcon_core.package_identification:_identify(tools/calibration_tool) by extension 'colcon_meta'
[0.691s] Level 1:colcon.colcon_core.package_identification:_identify(tools/calibration_tool) by extensions ['ros']
[0.691s] Level 1:colcon.colcon_core.package_identification:_identify(tools/calibration_tool) by extension 'ros'
[0.691s] Level 1:colcon.colcon_core.package_identification:_identify(tools/calibration_tool) by extensions ['cmake', 'python']
[0.691s] Level 1:colcon.colcon_core.package_identification:_identify(tools/calibration_tool) by extension 'cmake'
[0.691s] Level 1:colcon.colcon_core.package_identification:_identify(tools/calibration_tool) by extension 'python'
[0.691s] Level 1:colcon.colcon_core.package_identification:_identify(tools/calibration_tool) by extensions ['python_setup_py']
[0.691s] Level 1:colcon.colcon_core.package_identification:_identify(tools/calibration_tool) by extension 'python_setup_py'
[0.691s] Level 1:colcon.colcon_core.package_identification:_identify(tools/calibration_tool/calibration_launch) by extensions ['ignore', 'ignore_ament_install']
[0.692s] Level 1:colcon.colcon_core.package_identification:_identify(tools/calibration_tool/calibration_launch) by extension 'ignore'
[0.692s] Level 1:colcon.colcon_core.package_identification:_identify(tools/calibration_tool/calibration_launch) by extension 'ignore_ament_install'
[0.692s] Level 1:colcon.colcon_core.package_identification:_identify(tools/calibration_tool/calibration_launch) by extensions ['colcon_pkg']
[0.692s] Level 1:colcon.colcon_core.package_identification:_identify(tools/calibration_tool/calibration_launch) by extension 'colcon_pkg'
[0.692s] Level 1:colcon.colcon_core.package_identification:_identify(tools/calibration_tool/calibration_launch) by extensions ['colcon_meta']
[0.692s] Level 1:colcon.colcon_core.package_identification:_identify(tools/calibration_tool/calibration_launch) by extension 'colcon_meta'
[0.692s] Level 1:colcon.colcon_core.package_identification:_identify(tools/calibration_tool/calibration_launch) by extensions ['ros']
[0.692s] Level 1:colcon.colcon_core.package_identification:_identify(tools/calibration_tool/calibration_launch) by extension 'ros'
[0.692s] Level 1:colcon.colcon_core.package_identification:_identify(tools/calibration_tool/calibration_launch) by extensions ['cmake', 'python']
[0.692s] Level 1:colcon.colcon_core.package_identification:_identify(tools/calibration_tool/calibration_launch) by extension 'cmake'
[0.693s] Level 1:colcon.colcon_core.package_identification:_identify(tools/calibration_tool/calibration_launch) by extension 'python'
[0.693s] Level 1:colcon.colcon_core.package_identification:_identify(tools/calibration_tool/calibration_launch) by extensions ['python_setup_py']
[0.693s] Level 1:colcon.colcon_core.package_identification:_identify(tools/calibration_tool/calibration_launch) by extension 'python_setup_py'
[0.693s] Level 1:colcon.colcon_core.package_identification:_identify(tools/calibration_tool/calibration_launch/FilterCalibration) by extensions ['ignore', 'ignore_ament_install']
[0.693s] Level 1:colcon.colcon_core.package_identification:_identify(tools/calibration_tool/calibration_launch/FilterCalibration) by extension 'ignore'
[0.693s] Level 1:colcon.colcon_core.package_identification:_identify(tools/calibration_tool/calibration_launch/FilterCalibration) by extension 'ignore_ament_install'
[0.694s] Level 1:colcon.colcon_core.package_identification:_identify(tools/calibration_tool/calibration_launch/FilterCalibration) by extensions ['colcon_pkg']
[0.694s] Level 1:colcon.colcon_core.package_identification:_identify(tools/calibration_tool/calibration_launch/FilterCalibration) by extension 'colcon_pkg'
[0.694s] Level 1:colcon.colcon_core.package_identification:_identify(tools/calibration_tool/calibration_launch/FilterCalibration) by extensions ['colcon_meta']
[0.694s] Level 1:colcon.colcon_core.package_identification:_identify(tools/calibration_tool/calibration_launch/FilterCalibration) by extension 'colcon_meta'
[0.694s] Level 1:colcon.colcon_core.package_identification:_identify(tools/calibration_tool/calibration_launch/FilterCalibration) by extensions ['ros']
[0.694s] Level 1:colcon.colcon_core.package_identification:_identify(tools/calibration_tool/calibration_launch/FilterCalibration) by extension 'ros'
[0.694s] Level 1:colcon.colcon_core.package_identification:_identify(tools/calibration_tool/calibration_launch/FilterCalibration) by extensions ['cmake', 'python']
[0.694s] Level 1:colcon.colcon_core.package_identification:_identify(tools/calibration_tool/calibration_launch/FilterCalibration) by extension 'cmake'
[0.695s] Level 1:colcon.colcon_core.package_identification:_identify(tools/calibration_tool/calibration_launch/FilterCalibration) by extension 'python'
[0.695s] Level 1:colcon.colcon_core.package_identification:_identify(tools/calibration_tool/calibration_launch/FilterCalibration) by extensions ['python_setup_py']
[0.695s] Level 1:colcon.colcon_core.package_identification:_identify(tools/calibration_tool/calibration_launch/FilterCalibration) by extension 'python_setup_py'
[0.695s] Level 1:colcon.colcon_core.package_identification:_identify(tools/calibration_tool/calibration_launch/cfg) by extensions ['ignore', 'ignore_ament_install']
[0.696s] Level 1:colcon.colcon_core.package_identification:_identify(tools/calibration_tool/calibration_launch/cfg) by extension 'ignore'
[0.696s] Level 1:colcon.colcon_core.package_identification:_identify(tools/calibration_tool/calibration_launch/cfg) by extension 'ignore_ament_install'
[0.696s] Level 1:colcon.colcon_core.package_identification:_identify(tools/calibration_tool/calibration_launch/cfg) by extensions ['colcon_pkg']
[0.696s] Level 1:colcon.colcon_core.package_identification:_identify(tools/calibration_tool/calibration_launch/cfg) by extension 'colcon_pkg'
[0.696s] Level 1:colcon.colcon_core.package_identification:_identify(tools/calibration_tool/calibration_launch/cfg) by extensions ['colcon_meta']
[0.696s] Level 1:colcon.colcon_core.package_identification:_identify(tools/calibration_tool/calibration_launch/cfg) by extension 'colcon_meta'
[0.696s] Level 1:colcon.colcon_core.package_identification:_identify(tools/calibration_tool/calibration_launch/cfg) by extensions ['ros']
[0.696s] Level 1:colcon.colcon_core.package_identification:_identify(tools/calibration_tool/calibration_launch/cfg) by extension 'ros'
[0.696s] Level 1:colcon.colcon_core.package_identification:_identify(tools/calibration_tool/calibration_launch/cfg) by extensions ['cmake', 'python']
[0.697s] Level 1:colcon.colcon_core.package_identification:_identify(tools/calibration_tool/calibration_launch/cfg) by extension 'cmake'
[0.697s] Level 1:colcon.colcon_core.package_identification:_identify(tools/calibration_tool/calibration_launch/cfg) by extension 'python'
[0.697s] Level 1:colcon.colcon_core.package_identification:_identify(tools/calibration_tool/calibration_launch/cfg) by extensions ['python_setup_py']
[0.697s] Level 1:colcon.colcon_core.package_identification:_identify(tools/calibration_tool/calibration_launch/cfg) by extension 'python_setup_py'
[0.697s] Level 1:colcon.colcon_core.package_identification:_identify(tools/config) by extensions ['ignore', 'ignore_ament_install']
[0.697s] Level 1:colcon.colcon_core.package_identification:_identify(tools/config) by extension 'ignore'
[0.697s] Level 1:colcon.colcon_core.package_identification:_identify(tools/config) by extension 'ignore_ament_install'
[0.697s] Level 1:colcon.colcon_core.package_identification:_identify(tools/config) by extensions ['colcon_pkg']
[0.697s] Level 1:colcon.colcon_core.package_identification:_identify(tools/config) by extension 'colcon_pkg'
[0.697s] Level 1:colcon.colcon_core.package_identification:_identify(tools/config) by extensions ['colcon_meta']
[0.697s] Level 1:colcon.colcon_core.package_identification:_identify(tools/config) by extension 'colcon_meta'
[0.697s] Level 1:colcon.colcon_core.package_identification:_identify(tools/config) by extensions ['ros']
[0.697s] Level 1:colcon.colcon_core.package_identification:_identify(tools/config) by extension 'ros'
[0.698s] Level 1:colcon.colcon_core.package_identification:_identify(tools/config) by extensions ['cmake', 'python']
[0.698s] Level 1:colcon.colcon_core.package_identification:_identify(tools/config) by extension 'cmake'
[0.698s] Level 1:colcon.colcon_core.package_identification:_identify(tools/config) by extension 'python'
[0.698s] Level 1:colcon.colcon_core.package_identification:_identify(tools/config) by extensions ['python_setup_py']
[0.698s] Level 1:colcon.colcon_core.package_identification:_identify(tools/config) by extension 'python_setup_py'
[0.698s] Level 1:colcon.colcon_core.package_identification:_identify(tools/ros_driver) by extensions ['ignore', 'ignore_ament_install']
[0.698s] Level 1:colcon.colcon_core.package_identification:_identify(tools/ros_driver) by extension 'ignore'
[0.698s] Level 1:colcon.colcon_core.package_identification:_identify(tools/ros_driver) by extension 'ignore_ament_install'
[0.698s] Level 1:colcon.colcon_core.package_identification:_identify(tools/ros_driver) by extensions ['colcon_pkg']
[0.698s] Level 1:colcon.colcon_core.package_identification:_identify(tools/ros_driver) by extension 'colcon_pkg'
[0.698s] Level 1:colcon.colcon_core.package_identification:_identify(tools/ros_driver) by extensions ['colcon_meta']
[0.699s] Level 1:colcon.colcon_core.package_identification:_identify(tools/ros_driver) by extension 'colcon_meta'
[0.699s] Level 1:colcon.colcon_core.package_identification:_identify(tools/ros_driver) by extensions ['ros']
[0.699s] Level 1:colcon.colcon_core.package_identification:_identify(tools/ros_driver) by extension 'ros'
[0.699s] Level 1:colcon.colcon_core.package_identification:_identify(tools/ros_driver) by extensions ['cmake', 'python']
[0.699s] Level 1:colcon.colcon_core.package_identification:_identify(tools/ros_driver) by extension 'cmake'
[0.699s] Level 1:colcon.colcon_core.package_identification:_identify(tools/ros_driver) by extension 'python'
[0.699s] Level 1:colcon.colcon_core.package_identification:_identify(tools/ros_driver) by extensions ['python_setup_py']
[0.699s] Level 1:colcon.colcon_core.package_identification:_identify(tools/ros_driver) by extension 'python_setup_py'
[0.699s] Level 1:colcon.colcon_core.package_identification:_identify(tools/ros_driver/src) by extensions ['ignore', 'ignore_ament_install']
[0.699s] Level 1:colcon.colcon_core.package_identification:_identify(tools/ros_driver/src) by extension 'ignore'
[0.699s] Level 1:colcon.colcon_core.package_identification:_identify(tools/ros_driver/src) by extension 'ignore_ament_install'
[0.700s] Level 1:colcon.colcon_core.package_identification:_identify(tools/ros_driver/src) by extensions ['colcon_pkg']
[0.700s] Level 1:colcon.colcon_core.package_identification:_identify(tools/ros_driver/src) by extension 'colcon_pkg'
[0.700s] Level 1:colcon.colcon_core.package_identification:_identify(tools/ros_driver/src) by extensions ['colcon_meta']
[0.700s] Level 1:colcon.colcon_core.package_identification:_identify(tools/ros_driver/src) by extension 'colcon_meta'
[0.700s] Level 1:colcon.colcon_core.package_identification:_identify(tools/ros_driver/src) by extensions ['ros']
[0.700s] Level 1:colcon.colcon_core.package_identification:_identify(tools/ros_driver/src) by extension 'ros'
[0.700s] Level 1:colcon.colcon_core.package_identification:_identify(tools/ros_driver/src) by extensions ['cmake', 'python']
[0.700s] Level 1:colcon.colcon_core.package_identification:_identify(tools/ros_driver/src) by extension 'cmake'
[0.700s] Level 1:colcon.colcon_core.package_identification:_identify(tools/ros_driver/src) by extension 'python'
[0.700s] Level 1:colcon.colcon_core.package_identification:_identify(tools/ros_driver/src) by extensions ['python_setup_py']
[0.700s] Level 1:colcon.colcon_core.package_identification:_identify(tools/ros_driver/src) by extension 'python_setup_py'
[0.700s] Level 1:colcon.colcon_core.package_identification:_identify(tools/ros_driver/src/fixposition_driver-main) by extensions ['ignore', 'ignore_ament_install']
[0.701s] Level 1:colcon.colcon_core.package_identification:_identify(tools/ros_driver/src/fixposition_driver-main) by extension 'ignore'
[0.701s] Level 1:colcon.colcon_core.package_identification:_identify(tools/ros_driver/src/fixposition_driver-main) by extension 'ignore_ament_install'
[0.701s] Level 1:colcon.colcon_core.package_identification:_identify(tools/ros_driver/src/fixposition_driver-main) by extensions ['colcon_pkg']
[0.701s] Level 1:colcon.colcon_core.package_identification:_identify(tools/ros_driver/src/fixposition_driver-main) by extension 'colcon_pkg'
[0.701s] Level 1:colcon.colcon_core.package_identification:_identify(tools/ros_driver/src/fixposition_driver-main) by extensions ['colcon_meta']
[0.701s] Level 1:colcon.colcon_core.package_identification:_identify(tools/ros_driver/src/fixposition_driver-main) by extension 'colcon_meta'
[0.701s] Level 1:colcon.colcon_core.package_identification:_identify(tools/ros_driver/src/fixposition_driver-main) by extensions ['ros']
[0.701s] Level 1:colcon.colcon_core.package_identification:_identify(tools/ros_driver/src/fixposition_driver-main) by extension 'ros'
[0.707s] DEBUG:colcon.colcon_core.package_identification:Package 'tools/ros_driver/src/fixposition_driver-main' with type 'ros.catkin' and name 'fixposition_driver'
[0.707s] Level 1:colcon.colcon_core.package_identification:_identify(tools/ros_driver/src/fixposition_gnss_tf-main) by extensions ['ignore', 'ignore_ament_install']
[0.707s] Level 1:colcon.colcon_core.package_identification:_identify(tools/ros_driver/src/fixposition_gnss_tf-main) by extension 'ignore'
[0.707s] Level 1:colcon.colcon_core.package_identification:_identify(tools/ros_driver/src/fixposition_gnss_tf-main) by extension 'ignore_ament_install'
[0.707s] Level 1:colcon.colcon_core.package_identification:_identify(tools/ros_driver/src/fixposition_gnss_tf-main) by extensions ['colcon_pkg']
[0.707s] Level 1:colcon.colcon_core.package_identification:_identify(tools/ros_driver/src/fixposition_gnss_tf-main) by extension 'colcon_pkg'
[0.708s] Level 1:colcon.colcon_core.package_identification:_identify(tools/ros_driver/src/fixposition_gnss_tf-main) by extensions ['colcon_meta']
[0.708s] Level 1:colcon.colcon_core.package_identification:_identify(tools/ros_driver/src/fixposition_gnss_tf-main) by extension 'colcon_meta'
[0.708s] Level 1:colcon.colcon_core.package_identification:_identify(tools/ros_driver/src/fixposition_gnss_tf-main) by extensions ['ros']
[0.708s] Level 1:colcon.colcon_core.package_identification:_identify(tools/ros_driver/src/fixposition_gnss_tf-main) by extension 'ros'
[0.709s] DEBUG:colcon.colcon_core.package_identification:Package 'tools/ros_driver/src/fixposition_gnss_tf-main' with type 'ros.catkin' and name 'fixposition_gnss_tf'
[0.709s] Level 1:colcon.colcon_core.package_identification:_identify(tools/ros_driver/src/launcher) by extensions ['ignore', 'ignore_ament_install']
[0.709s] Level 1:colcon.colcon_core.package_identification:_identify(tools/ros_driver/src/launcher) by extension 'ignore'
[0.709s] Level 1:colcon.colcon_core.package_identification:_identify(tools/ros_driver/src/launcher) by extension 'ignore_ament_install'
[0.709s] Level 1:colcon.colcon_core.package_identification:_identify(tools/ros_driver/src/launcher) by extensions ['colcon_pkg']
[0.709s] Level 1:colcon.colcon_core.package_identification:_identify(tools/ros_driver/src/launcher) by extension 'colcon_pkg'
[0.710s] Level 1:colcon.colcon_core.package_identification:_identify(tools/ros_driver/src/launcher) by extensions ['colcon_meta']
[0.710s] Level 1:colcon.colcon_core.package_identification:_identify(tools/ros_driver/src/launcher) by extension 'colcon_meta'
[0.710s] Level 1:colcon.colcon_core.package_identification:_identify(tools/ros_driver/src/launcher) by extensions ['ros']
[0.710s] Level 1:colcon.colcon_core.package_identification:_identify(tools/ros_driver/src/launcher) by extension 'ros'
[0.710s] Level 1:colcon.colcon_core.package_identification:_identify(tools/ros_driver/src/launcher) by extensions ['cmake', 'python']
[0.710s] Level 1:colcon.colcon_core.package_identification:_identify(tools/ros_driver/src/launcher) by extension 'cmake'
[0.711s] Level 1:colcon.colcon_core.package_identification:_identify(tools/ros_driver/src/launcher) by extension 'python'
[0.711s] Level 1:colcon.colcon_core.package_identification:_identify(tools/ros_driver/src/launcher) by extensions ['python_setup_py']
[0.711s] Level 1:colcon.colcon_core.package_identification:_identify(tools/ros_driver/src/launcher) by extension 'python_setup_py'
[0.711s] Level 1:colcon.colcon_core.package_identification:_identify(tools/ros_driver/src/launcher/calibration_launch) by extensions ['ignore', 'ignore_ament_install']
[0.711s] Level 1:colcon.colcon_core.package_identification:_identify(tools/ros_driver/src/launcher/calibration_launch) by extension 'ignore'
[0.711s] Level 1:colcon.colcon_core.package_identification:_identify(tools/ros_driver/src/launcher/calibration_launch) by extension 'ignore_ament_install'
[0.711s] Level 1:colcon.colcon_core.package_identification:_identify(tools/ros_driver/src/launcher/calibration_launch) by extensions ['colcon_pkg']
[0.711s] Level 1:colcon.colcon_core.package_identification:_identify(tools/ros_driver/src/launcher/calibration_launch) by extension 'colcon_pkg'
[0.711s] Level 1:colcon.colcon_core.package_identification:_identify(tools/ros_driver/src/launcher/calibration_launch) by extensions ['colcon_meta']
[0.712s] Level 1:colcon.colcon_core.package_identification:_identify(tools/ros_driver/src/launcher/calibration_launch) by extension 'colcon_meta'
[0.712s] Level 1:colcon.colcon_core.package_identification:_identify(tools/ros_driver/src/launcher/calibration_launch) by extensions ['ros']
[0.712s] Level 1:colcon.colcon_core.package_identification:_identify(tools/ros_driver/src/launcher/calibration_launch) by extension 'ros'
[0.713s] DEBUG:colcon.colcon_core.package_identification:Package 'tools/ros_driver/src/launcher/calibration_launch' with type 'ros.catkin' and name 'calibration_launch'
[0.713s] Level 1:colcon.colcon_core.package_identification:_identify(tools/ros_driver/src/launcher/config_pkg) by extensions ['ignore', 'ignore_ament_install']
[0.713s] Level 1:colcon.colcon_core.package_identification:_identify(tools/ros_driver/src/launcher/config_pkg) by extension 'ignore'
[0.713s] Level 1:colcon.colcon_core.package_identification:_identify(tools/ros_driver/src/launcher/config_pkg) by extension 'ignore_ament_install'
[0.713s] Level 1:colcon.colcon_core.package_identification:_identify(tools/ros_driver/src/launcher/config_pkg) by extensions ['colcon_pkg']
[0.713s] Level 1:colcon.colcon_core.package_identification:_identify(tools/ros_driver/src/launcher/config_pkg) by extension 'colcon_pkg'
[0.714s] Level 1:colcon.colcon_core.package_identification:_identify(tools/ros_driver/src/launcher/config_pkg) by extensions ['colcon_meta']
[0.714s] Level 1:colcon.colcon_core.package_identification:_identify(tools/ros_driver/src/launcher/config_pkg) by extension 'colcon_meta'
[0.714s] Level 1:colcon.colcon_core.package_identification:_identify(tools/ros_driver/src/launcher/config_pkg) by extensions ['ros']
[0.714s] Level 1:colcon.colcon_core.package_identification:_identify(tools/ros_driver/src/launcher/config_pkg) by extension 'ros'
[0.715s] DEBUG:colcon.colcon_core.package_identification:Package 'tools/ros_driver/src/launcher/config_pkg' with type 'ros.catkin' and name 'config_pkg'
[0.715s] Level 1:colcon.colcon_core.package_identification:_identify(tools/ros_driver/src/launcher/record_launch) by extensions ['ignore', 'ignore_ament_install']
[0.715s] Level 1:colcon.colcon_core.package_identification:_identify(tools/ros_driver/src/launcher/record_launch) by extension 'ignore'
[0.716s] Level 1:colcon.colcon_core.package_identification:_identify(tools/ros_driver/src/launcher/record_launch) by extension 'ignore_ament_install'
[0.716s] Level 1:colcon.colcon_core.package_identification:_identify(tools/ros_driver/src/launcher/record_launch) by extensions ['colcon_pkg']
[0.716s] Level 1:colcon.colcon_core.package_identification:_identify(tools/ros_driver/src/launcher/record_launch) by extension 'colcon_pkg'
[0.716s] Level 1:colcon.colcon_core.package_identification:_identify(tools/ros_driver/src/launcher/record_launch) by extensions ['colcon_meta']
[0.716s] Level 1:colcon.colcon_core.package_identification:_identify(tools/ros_driver/src/launcher/record_launch) by extension 'colcon_meta'
[0.716s] Level 1:colcon.colcon_core.package_identification:_identify(tools/ros_driver/src/launcher/record_launch) by extensions ['ros']
[0.716s] Level 1:colcon.colcon_core.package_identification:_identify(tools/ros_driver/src/launcher/record_launch) by extension 'ros'
[0.718s] DEBUG:colcon.colcon_core.package_identification:Package 'tools/ros_driver/src/launcher/record_launch' with type 'ros.catkin' and name 'record_launch'
[0.718s] Level 1:colcon.colcon_core.package_identification:_identify(tools/ros_driver/src/launcher/sensor_start_launch) by extensions ['ignore', 'ignore_ament_install']
[0.718s] Level 1:colcon.colcon_core.package_identification:_identify(tools/ros_driver/src/launcher/sensor_start_launch) by extension 'ignore'
[0.719s] Level 1:colcon.colcon_core.package_identification:_identify(tools/ros_driver/src/launcher/sensor_start_launch) by extension 'ignore_ament_install'
[0.719s] Level 1:colcon.colcon_core.package_identification:_identify(tools/ros_driver/src/launcher/sensor_start_launch) by extensions ['colcon_pkg']
[0.719s] Level 1:colcon.colcon_core.package_identification:_identify(tools/ros_driver/src/launcher/sensor_start_launch) by extension 'colcon_pkg'
[0.719s] Level 1:colcon.colcon_core.package_identification:_identify(tools/ros_driver/src/launcher/sensor_start_launch) by extensions ['colcon_meta']
[0.719s] Level 1:colcon.colcon_core.package_identification:_identify(tools/ros_driver/src/launcher/sensor_start_launch) by extension 'colcon_meta'
[0.719s] Level 1:colcon.colcon_core.package_identification:_identify(tools/ros_driver/src/launcher/sensor_start_launch) by extensions ['ros']
[0.719s] Level 1:colcon.colcon_core.package_identification:_identify(tools/ros_driver/src/launcher/sensor_start_launch) by extension 'ros'
[0.720s] DEBUG:colcon.colcon_core.package_identification:Package 'tools/ros_driver/src/launcher/sensor_start_launch' with type 'ros.catkin' and name 'sensor_start_launch'
[0.721s] Level 1:colcon.colcon_core.package_identification:_identify(tools/ros_driver/src/multi_lidar_calibration-master) by extensions ['ignore', 'ignore_ament_install']
[0.721s] Level 1:colcon.colcon_core.package_identification:_identify(tools/ros_driver/src/multi_lidar_calibration-master) by extension 'ignore'
[0.721s] Level 1:colcon.colcon_core.package_identification:_identify(tools/ros_driver/src/multi_lidar_calibration-master) by extension 'ignore_ament_install'
[0.721s] Level 1:colcon.colcon_core.package_identification:_identify(tools/ros_driver/src/multi_lidar_calibration-master) by extensions ['colcon_pkg']
[0.721s] Level 1:colcon.colcon_core.package_identification:_identify(tools/ros_driver/src/multi_lidar_calibration-master) by extension 'colcon_pkg'
[0.721s] Level 1:colcon.colcon_core.package_identification:_identify(tools/ros_driver/src/multi_lidar_calibration-master) by extensions ['colcon_meta']
[0.721s] Level 1:colcon.colcon_core.package_identification:_identify(tools/ros_driver/src/multi_lidar_calibration-master) by extension 'colcon_meta'
[0.721s] Level 1:colcon.colcon_core.package_identification:_identify(tools/ros_driver/src/multi_lidar_calibration-master) by extensions ['ros']
[0.721s] Level 1:colcon.colcon_core.package_identification:_identify(tools/ros_driver/src/multi_lidar_calibration-master) by extension 'ros'
[0.722s] DEBUG:colcon.colcon_core.package_identification:Package 'tools/ros_driver/src/multi_lidar_calibration-master' with type 'ros.catkin' and name 'multi_lidar_calibrator'
[0.723s] Level 1:colcon.colcon_core.package_identification:_identify(tools/ros_driver/src/pc_filter) by extensions ['ignore', 'ignore_ament_install']
[0.723s] Level 1:colcon.colcon_core.package_identification:_identify(tools/ros_driver/src/pc_filter) by extension 'ignore'
[0.723s] Level 1:colcon.colcon_core.package_identification:_identify(tools/ros_driver/src/pc_filter) by extension 'ignore_ament_install'
[0.723s] Level 1:colcon.colcon_core.package_identification:_identify(tools/ros_driver/src/pc_filter) by extensions ['colcon_pkg']
[0.723s] Level 1:colcon.colcon_core.package_identification:_identify(tools/ros_driver/src/pc_filter) by extension 'colcon_pkg'
[0.723s] Level 1:colcon.colcon_core.package_identification:_identify(tools/ros_driver/src/pc_filter) by extensions ['colcon_meta']
[0.723s] Level 1:colcon.colcon_core.package_identification:_identify(tools/ros_driver/src/pc_filter) by extension 'colcon_meta'
[0.724s] Level 1:colcon.colcon_core.package_identification:_identify(tools/ros_driver/src/pc_filter) by extensions ['ros']
[0.724s] Level 1:colcon.colcon_core.package_identification:_identify(tools/ros_driver/src/pc_filter) by extension 'ros'
[0.725s] DEBUG:colcon.colcon_core.package_identification:Package 'tools/ros_driver/src/pc_filter' with type 'ros.catkin' and name 'pc_filter'
[0.725s] Level 1:colcon.colcon_core.package_identification:_identify(tools/ros_driver/src/rs_to_velodyne) by extensions ['ignore', 'ignore_ament_install']
[0.725s] Level 1:colcon.colcon_core.package_identification:_identify(tools/ros_driver/src/rs_to_velodyne) by extension 'ignore'
[0.725s] Level 1:colcon.colcon_core.package_identification:_identify(tools/ros_driver/src/rs_to_velodyne) by extension 'ignore_ament_install'
[0.725s] Level 1:colcon.colcon_core.package_identification:_identify(tools/ros_driver/src/rs_to_velodyne) by extensions ['colcon_pkg']
[0.725s] Level 1:colcon.colcon_core.package_identification:_identify(tools/ros_driver/src/rs_to_velodyne) by extension 'colcon_pkg'
[0.726s] Level 1:colcon.colcon_core.package_identification:_identify(tools/ros_driver/src/rs_to_velodyne) by extensions ['colcon_meta']
[0.726s] Level 1:colcon.colcon_core.package_identification:_identify(tools/ros_driver/src/rs_to_velodyne) by extension 'colcon_meta'
[0.726s] Level 1:colcon.colcon_core.package_identification:_identify(tools/ros_driver/src/rs_to_velodyne) by extensions ['ros']
[0.726s] Level 1:colcon.colcon_core.package_identification:_identify(tools/ros_driver/src/rs_to_velodyne) by extension 'ros'
[0.729s] DEBUG:colcon.colcon_core.package_identification:Package 'tools/ros_driver/src/rs_to_velodyne' with type 'ros.catkin' and name 'rs_to_velodyne'
[0.729s] Level 1:colcon.colcon_core.package_discovery:discover_packages(recursive) using defaults
[0.730s] Level 1:colcon.colcon_core.package_discovery:discover_packages(ignore) discover
[0.730s] Level 1:colcon.colcon_core.package_discovery:discover_packages(ignore) using defaults
[0.730s] Level 1:colcon.colcon_core.package_discovery:discover_packages(path) discover
[0.730s] Level 1:colcon.colcon_core.package_discovery:discover_packages(path) using defaults
